22:31:05 - main - INFO - main: 21 - 2023-11-06 22:31:05.522422
22:31:05 - create_task - INFO - create_tasks: 9 - [451.98272055099505, 448.849421137287, 448.7363125125153, 448.34589533894405, 451.48374095592976, 448.7835482942606, 450.51608762868096, 449.89383014922106]
22:31:05 - functional - DEBUG - head_from_fun: 335 - 
def vote(**kwargs):
    return 1

22:31:05 - create_task - INFO - create_tasks: 12 - create task: 1633 (0)
22:31:05 - create_task - INFO - create_tasks: 12 - create task: 1633 (451.98272055099505)
22:31:05 - create_task - INFO - create_tasks: 12 - create task: 1633 (900.832141688282)
22:31:05 - create_task - INFO - create_tasks: 12 - create task: 1633 (1349.5684542007973)
22:31:05 - create_task - INFO - create_tasks: 12 - create task: 1633 (1797.9143495397414)
22:31:05 - create_task - INFO - create_tasks: 12 - create task: 1633 (2249.398090495671)
22:31:05 - create_task - INFO - create_tasks: 12 - create task: 1633 (2698.1816387899316)
22:31:05 - create_task - INFO - create_tasks: 12 - create task: 1633 (3148.6977264186125)
INFO:root:2023-11-06 22:31:32.579977
INFO:root:[451.2103111283753, 449.18386504156746, 448.7439577827404, 450.5194402570155, 449.5801733433894, 448.57013619375846, 448.9768185716664, 450.64552672769594]
DEBUG:celery.utils.functional:
def vote(**kwargs):
    return 1

22:32:09 - INFO - main: - 2023-11-06 22:32:09.749648
22:32:09 - INFO - create_tasks: - [450.58494710180975, 449.16094057249387, 451.04406861726113, 450.48337293912056, 451.07027005564714, 450.013944101992, 451.26104195748854, 449.77641306659314]
22:32:09 - DEBUG - head_from_fun: - 
def vote(**kwargs):
    return 1

22:36:54 - INFO - main: - 2023-11-06 22:36:54.607557
22:36:54 - DEBUG - head_from_fun: - 
def vote(**kwargs):
    return 1

22:37:33 - INFO - main: - 2023-11-06 22:37:33.088852
22:37:33 - DEBUG - head_from_fun: - 
def vote_pack(**kwargs):
    return 1

22:41:40 - INFO - main: - 2023-11-06 22:41:40.709138
22:41:40 - DEBUG - head_from_fun: - 
def vote_pack(**kwargs):
    return 1

22:43:46 - DEBUG - head_from_fun: - 
def vote_pack(**kwargs):
    return 1

22:45:24 - DEBUG - head_from_fun: - 
def vote_pack(**kwargs):
    return 1

22:45:51 - DEBUG - head_from_fun: - 
def chord(self, header, body, partial_args=0, interval=1, countdown=2, max_retries=3, eager=4, **kwargs):
    return 1

22:45:51 - DEBUG - head_from_fun: - 
def chunks(task, it, n):
    return 1

22:45:51 - DEBUG - head_from_fun: - 
def unlock_chord(self, group_id, callback, interval=0, max_retries=1, result=2, Result=3, GroupResult=4, result_from_tuple=5, **kwargs):
    return 1

22:45:51 - DEBUG - head_from_fun: - 
def group(self, tasks, result, group_id, partial_args, add_to_parent=0):
    return 1

22:45:51 - DEBUG - head_from_fun: - 
def xmap(task, it):
    return 1

22:45:51 - DEBUG - head_from_fun: - 
def vote_pack(**kwargs):
    return 1

22:45:51 - DEBUG - head_from_fun: - 
def backend_cleanup():
    return 1

22:45:51 - DEBUG - head_from_fun: - 
def chain(*args, **kwargs):
    return 1

22:45:51 - DEBUG - head_from_fun: - 
def xstarmap(task, it):
    return 1

22:45:51 - DEBUG - head_from_fun: - 
def accumulate(self, *args, **kwargs):
    return 1

22:46:01 - DEBUG - head_from_fun: - 
def vote_pack(**kwargs):
    return 1

23:26:57 - INFO - main: - [450.6116701265468, 450.0779729511749, 450.53611330725306, 450.5952645409651, 450.5812293614961, 451.45537118860096, 449.57360535928905, 450.814354969809]
